TN:
SF:src\controllers\trainPlanController.ts
FN:23,(anonymous_8)
FN:23,(anonymous_9)
FN:27,(anonymous_10)
FN:39,(anonymous_11)
FN:40,(anonymous_12)
FN:59,(anonymous_13)
FN:59,(anonymous_14)
FN:86,(anonymous_15)
FN:90,(anonymous_16)
FN:111,(anonymous_17)
FN:111,(anonymous_18)
FN:120,(anonymous_19)
FN:127,(anonymous_20)
FNF:13
FNH:9
FNDA:2,(anonymous_8)
FNDA:2,(anonymous_9)
FNDA:4,(anonymous_10)
FNDA:2,(anonymous_11)
FNDA:3,(anonymous_12)
FNDA:2,(anonymous_13)
FNDA:2,(anonymous_14)
FNDA:1,(anonymous_15)
FNDA:1,(anonymous_16)
FNDA:0,(anonymous_17)
FNDA:0,(anonymous_18)
FNDA:0,(anonymous_19)
FNDA:0,(anonymous_20)
DA:2,1
DA:3,1
DA:4,1
DA:5,1
DA:23,2
DA:24,2
DA:25,2
DA:26,2
DA:27,4
DA:35,2
DA:36,2
DA:37,1
DA:38,1
DA:39,1
DA:40,3
DA:46,1
DA:47,1
DA:49,1
DA:54,1
DA:59,2
DA:60,2
DA:61,2
DA:62,2
DA:63,2
DA:64,2
DA:66,2
DA:70,2
DA:85,1
DA:86,1
DA:87,1
DA:91,1
DA:92,1
DA:93,1
DA:96,1
DA:97,1
DA:99,1
DA:100,1
DA:106,1
DA:111,1
DA:112,0
DA:113,0
DA:114,0
DA:115,0
DA:116,0
DA:117,0
DA:118,0
DA:119,0
DA:120,0
DA:126,0
DA:127,0
DA:128,0
DA:130,0
DA:134,0
DA:135,0
DA:140,0
DA:141,0
DA:144,0
DA:147,0
DA:148,0
DA:149,0
DA:150,0
DA:154,0
DA:160,0
LF:63
LH:39
BRDA:25,0,0,0
BRDA:25,0,1,2
BRDA:25,1,0,2
BRDA:25,1,1,2
BRDA:61,2,0,0
BRDA:61,2,1,2
BRDA:61,3,0,2
BRDA:61,3,1,2
BRDA:64,4,0,2
BRDA:64,5,0,2
BRDA:64,5,1,2
BRDA:116,6,0,0
BRDA:116,6,1,0
BRDA:128,7,0,0
BRDA:128,7,1,0
BRF:15
BRH:9
end_of_record
